"../../../Engine/Content/EditorBlueprintResources/StandardMacros.uasset" 0
"../../../../../../Users/olive/OneDrive/University/3rdYear/GameProject/Implementation/The Cornocopian Complexity/Content/Game/Blueprints/CaveController.uasset" 1
"../../../Engine/Content/BasicShapes/BasicShapeMaterial.uasset" 2
"../../../Engine/Content/Functions/Engine_MaterialFunctions01/Opacity/CameraDepthFade.uasset" 3
"../../../Engine/Content/EngineMaterials/T_Default_Material_Grid_M.uasset" 4
"../../../Engine/Content/EngineMaterials/T_Default_Material_Grid_N.uasset" 5
"../../../Engine/Content/EngineMaterials/DefaultMaterial.uasset" 6
"../../../Engine/Content/BasicShapes/Sphere.uasset" 7
"../../../../../../Users/olive/OneDrive/University/3rdYear/GameProject/Implementation/The Cornocopian Complexity/Content/Game/Blueprints/Location.uasset" 8
"../../../Engine/Content/Functions/Engine_MaterialFunctions01/Density/ExponentialDensity.uasset" 9
"../../../Engine/Content/Functions/Engine_MaterialFunctions01/Gradient/RadialGradientExponential.uasset" 10
"../../../../../../Users/olive/OneDrive/University/3rdYear/GameProject/Implementation/The Cornocopian Complexity/Content/Game/Blueprints/M_Cursor_Decal.uasset" 11
"../../../../../../Users/olive/OneDrive/University/3rdYear/GameProject/Implementation/The Cornocopian Complexity/Content/Geometry/Meshes/Brush2.uasset" 12
"../../../Engine/Content/EngineMaterials/WorldGridMaterial.uasset" 13
"../../../../../../Users/olive/OneDrive/University/3rdYear/GameProject/Implementation/The Cornocopian Complexity/Content/Geometry/Meshes/1M_Cube.uasset" 14
"../../../../../../Users/olive/OneDrive/University/3rdYear/GameProject/Implementation/The Cornocopian Complexity/Content/Game/Blueprints/Display/LargeRoom_display.uasset" 15
"../../../Engine/Content/EngineMaterials/EditorBrushMaterial.uasset" 16
"../../../Engine/Content/BasicShapes/Cube.uasset" 17
"../../../../../../Users/olive/OneDrive/University/3rdYear/GameProject/Implementation/The Cornocopian Complexity/Content/Game/Blueprints/Display/Room_display.uasset" 18
"../../../../../../Users/olive/OneDrive/University/3rdYear/GameProject/Implementation/The Cornocopian Complexity/Content/Geometry/Meshes/CubeMaterial.uasset" 19
"../../../../../../Users/olive/OneDrive/University/3rdYear/GameProject/Implementation/The Cornocopian Complexity/Content/Game/Blueprints/Game/MainRoom.uasset" 20
"../../../../../../Users/olive/OneDrive/University/3rdYear/GameProject/Implementation/The Cornocopian Complexity/Content/Game/Blueprints/Game/Corridor.uasset" 21
"../../../../../../Users/olive/OneDrive/University/3rdYear/GameProject/Implementation/The Cornocopian Complexity/Content/Game/Blueprints/Game/Corridor1.uasset" 22
"../../../../../../Users/olive/OneDrive/University/3rdYear/GameProject/Implementation/The Cornocopian Complexity/Content/Game/Blueprints/Game/Corridor2.uasset" 23
"../../../../../../Users/olive/OneDrive/University/3rdYear/GameProject/Implementation/The Cornocopian Complexity/Content/dont.uasset" 24
"../../../../../../Users/olive/OneDrive/University/3rdYear/GameProject/Implementation/The Cornocopian Complexity/Content/Game/Blueprints/Game/HUD.uasset" 25
"../../../../../../Users/olive/OneDrive/University/3rdYear/GameProject/Implementation/The Cornocopian Complexity/Content/Geometry/Meshes/1M_Cube_Chamfer.uasset" 26
"../../../../../../Users/olive/OneDrive/University/3rdYear/GameProject/Implementation/The Cornocopian Complexity/Content/Geometry/Meshes/TemplateFloor.uasset" 27
"../../../../../../Users/olive/OneDrive/University/3rdYear/GameProject/Implementation/The Cornocopian Complexity/Content/Mannequin/Character/Mesh/UE4_Mannequin_Skeleton.uasset" 28
"../../../../../../Users/olive/OneDrive/University/3rdYear/GameProject/Implementation/The Cornocopian Complexity/Content/Mannequin/Animations/ThirdPersonJump_End.uasset" 29
"../../../Engine/Content/ArtTools/RenderToTexture/Meshes/S_1_Unit_Plane.uasset" 30
"../../../Engine/Content/BasicShapes/Cone.uasset" 31
"../../../Engine/Content/BasicShapes/Cylinder.uasset" 32
"../../../Engine/Content/BasicShapes/Plane.uasset" 33
"../../../Engine/Content/EditorLandscapeResources/DataLayer.uasset" 34
"../../../Engine/Content/EditorMaterials/GizmoMaterial.uasset" 35
"../../../Engine/Content/EditorMaterials/MAT_Groups_Toggle.uasset" 36
"../../../Engine/Content/EditorMaterials/MAT_Groups_Visibility.uasset" 37
"../../../Engine/Content/EditorMaterials/PreviewShadowIndicator.uasset" 38
"../../../Engine/Content/EditorMaterials/PreviewShadowIndicatorMaterial.uasset" 39
"../../../Engine/Content/EditorMaterials/MatineeGroups/MAT_ColorTrack.uasset" 40
"../../../Engine/Content/EditorMaterials/MatineeGroups/MAT_Groups_Anim.uasset" 41
"../../../Engine/Content/EditorMaterials/MatineeGroups/MAT_Groups_AudioMaster.uasset" 42
"../../../Engine/Content/EditorMaterials/MatineeGroups/MAT_Groups_Director.uasset" 43
"../../../Engine/Content/EditorMaterials/MatineeGroups/MAT_Groups_Event.uasset" 44
"../../../Engine/Content/EditorMaterials/MatineeGroups/MAT_Groups_Fade.uasset" 45
"../../../Engine/Content/EditorMaterials/MatineeGroups/MAT_Groups_Float.uasset" 46
"../../../Engine/Content/EditorMaterials/MatineeGroups/MAT_Groups_Move.uasset" 47
"../../../Engine/Content/EditorMaterials/MatineeGroups/MAT_Groups_Slomo.uasset" 48
"../../../Engine/Content/EditorMaterials/MatineeGroups/MAT_Groups_Sound.uasset" 49
"../../../Engine/Content/EditorMaterials/MatineeGroups/MAT_Groups_Vector.uasset" 50
"../../../Engine/Content/EditorMaterials/ParticleSystems/PSysThumbnail_NoImage.uasset" 51
"../../../Engine/Content/EditorMaterials/ParticleSystems/PSysThumbnail_OOD.uasset" 52
"../../../Engine/Content/EditorMaterials/Camera/CineMat.uasset" 53
"../../../Engine/Content/EditorMaterials/Camera/MI_CineMat_Rig.uasset" 54
"../../../Engine/Content/EditorMeshes/Camera/SM_CraneRig_Arm.uasset" 55
"../../../Engine/Content/EditorMeshes/Camera/SM_CraneRig_Base.uasset" 56
"../../../Engine/Content/EditorMeshes/Camera/SM_CraneRig_Body.uasset" 57
"../../../Engine/Content/EditorMeshes/Camera/SM_CraneRig_Mount.uasset" 58
"../../../Engine/Content/EditorMeshes/Camera/SM_RailRig_Mount.uasset" 59
"../../../Engine/Content/EditorMeshes/Camera/SM_RailRig_Track.uasset" 60
"../../../Engine/Content/EditorResources/BSPVertex.uasset" 61
"../../../Engine/Content/EditorResources/EmptyActor.uasset" 62
"../../../Engine/Content/EditorResources/S_Actor.uasset" 63
"../../../Engine/Content/EditorResources/S_Trigger.uasset" 64
"../../../Engine/Content/EditorResources/LightIcons/S_LightError.uasset" 65
"../../../Engine/Content/EditorResources/SequenceRecorder/Countdown.uasset" 66
"../../../Engine/Content/EditorResources/SequenceRecorder/RecordingIndicator.uasset" 67
"../../../Engine/Content/EditorSounds/Notifications/CompileFailed.uasset" 68
"../../../Engine/Content/EditorSounds/Notifications/CompileFailed_Cue.uasset" 69
"../../../Engine/Content/EditorSounds/Notifications/CompileSuccess.uasset" 70
"../../../Engine/Content/EditorSounds/Notifications/CompileStart_Cue.uasset" 71
"../../../Engine/Content/EditorSounds/Notifications/CompileSuccess_Cue.uasset" 72
"../../../Engine/Content/EngineDamageTypes/DmgTypeBP_Environmental.uasset" 73
"../../../Engine/Content/EngineDebugMaterials/HeatmapGradient.uasset" 74
"../../../Engine/Content/EngineDebugMaterials/BoneWeightMaterial.uasset" 75
"../../../Engine/Content/EngineDebugMaterials/ClothMaterial.uasset" 76
"../../../Engine/Content/EngineDebugMaterials/ClothMaterial_WF.uasset" 77
"../../../Engine/Content/EngineDebugMaterials/DebugEditorMaterial.uasset" 78
"../../../Engine/Content/EngineDebugMaterials/DebugMeshMaterial.uasset" 79
"../../../Engine/Content/EngineDebugMaterials/GeomMaterial.uasset" 80
"../../../Engine/Content/EngineDebugMaterials/M_SimpleTranslucent.uasset" 81
"../../../Engine/Content/EngineFonts/Faces/RobotoTiny.uasset" 82
"../../../Engine/Content/EngineFonts/RobotoTiny.uasset" 83
"../../../Engine/Content/EngineMaterials/BaseFlattenDiffuseMap.uasset" 84
"../../../Engine/Content/EngineMaterials/BaseFlattenEmissiveMap.uasset" 85
"../../../Engine/Content/EngineMaterials/BaseFlattenGrayscaleMap.uasset" 86
"../../../Engine/Content/EngineMaterials/BaseFlattenNormalMap.uasset" 87
"../../../Engine/Content/EngineMaterials/BaseFlattenMaterial.uasset" 88
"../../../Engine/Content/EngineMaterials/DefaultBloomKernel.uasset" 89
"../../../Engine/Content/EngineMaterials/DefaultBokeh.uasset" 90
"../../../Engine/Content/EngineMaterials/DefaultDiffuse.uasset" 91
"../../../Engine/Content/EngineMaterials/DefaultDeferredDecalMaterial.uasset" 92
"../../../Engine/Content/EngineMaterials/DefaultLightFunctionMaterial.uasset" 93
"../../../Engine/Content/EngineMaterials/DefaultPhysicalMaterial.uasset" 94
"../../../Engine/Content/Functions/Engine_MaterialFunctions02/Utility/BreakOutFloat2Components.uasset" 95
"../../../Engine/Content/EngineMaterials/DefaultPostProcessMaterial.uasset" 96
"../../../Engine/Content/EngineFonts/RobotoDistanceField.uasset" 97
"../../../Engine/Content/EngineMaterials/DefaultTextMaterialOpaque.uasset" 98
"../../../Engine/Content/EngineMaterials/Good64x64TilingNoiseHighFreq.uasset" 99
"../../../Engine/Content/EngineMaterials/MiniFont.uasset" 100
"../../../Engine/Content/EngineMaterials/InvalidLightmapSettings.uasset" 101
"../../../Engine/Content/EngineMaterials/M_InvalidLightmapSettings.uasset" 102
"../../../Engine/Content/Functions/Engine_MaterialFunctions02/WorldPositionOffset/CameraOffset.uasset" 103
"../../../Engine/Content/EngineMaterials/PhAT_JointLimitMaterial.uasset" 104
"../../../Engine/Content/EngineMaterials/PreintegratedSkinBRDF.uasset" 105
"../../../Engine/Content/EngineMaterials/RemoveSurfaceMaterial.uasset" 106
"../../../Engine/Content/EngineMaterials/WeightMapPlaceholderTexture.uasset" 107
"../../../Engine/Content/EngineResources/WhiteSquareTexture.uasset" 108
"../../../Engine/Content/EngineMaterials/Widget3DPassThrough.uasset" 109
"../../../Engine/Content/EngineMaterials/Widget3DPassThrough_Masked.uasset" 110
"../../../Engine/Content/EngineMaterials/Widget3DPassThrough_Opaque.uasset" 111
"../../../Engine/Content/EngineMaterials/Widget3DPassThrough_Masked_OneSided.uasset" 112
"../../../Engine/Content/EngineMaterials/Widget3DPassThrough_Opaque_OneSided.uasset" 113
"../../../Engine/Content/EngineMaterials/Widget3DPassThrough_Translucent.uasset" 114
"../../../Engine/Content/EngineMaterials/Widget3DPassThrough_Translucent_OneSided.uasset" 115
"../../../Engine/Content/EngineMeshes/Cylinder.uasset" 116
"../../../Engine/Content/EngineMeshes/Sphere.uasset" 117
"../../../Engine/Content/EngineResources/Black.uasset" 118
"../../../Engine/Content/EngineResources/DefaultTexture.uasset" 119
"../../../Engine/Content/EngineResources/DefaultTextureCube.uasset" 120
"../../../Engine/Content/EngineResources/DefaultVolumeTexture2D.uasset" 121
"../../../Engine/Content/EngineResources/DefaultVolumeTexture.uasset" 122
"../../../Engine/Content/EngineResources/GradientTexture0.uasset" 123
"../../../Engine/Content/EngineSounds/Master.uasset" 124
"../../../Engine/Content/Functions/Engine_MaterialFunctions01/Shading/PowerToRoughness.uasset" 125
"../../../Engine/Content/Maps/Templates/Thumbnails/Default.uasset" 126
"../../../Engine/Content/Maps/Templates/Thumbnails/VR-Basic.uasset" 127
"../../../Engine/Content/MobileResources/T_MobileControls_texture.uasset" 128
"../../../Engine/Content/MobileResources/T_MobileMenu2.uasset" 129
"../../../Engine/Content/MobileResources/HUD/AnalogHat.uasset" 130
"../../../Engine/Content/MobileResources/HUD/VirtualJoystick_Background.uasset" 131
"../../../Engine/Content/MobileResources/HUD/VirtualJoystick_Thumb.uasset" 132
"../../../Engine/Content/MobileResources/HUD/DefaultVirtualJoysticks.uasset" 133
"../../../Engine/Content/MobileResources/HUD/LeftVirtualJoystickOnly.uasset" 134
"../../../Engine/Content/MobileResources/HUD/MobileHUDButton1_off.uasset" 135
"../../../Engine/Content/MobileResources/HUD/MobileHUDButton1_on.uasset" 136
"../../../Engine/Content/MobileResources/HUD/MobileHUDButton2_off.uasset" 137
"../../../Engine/Content/MobileResources/HUD/MobileHUDButton2_on.uasset" 138
"../../../Engine/Content/MobileResources/HUD/MobileHUDButton3.uasset" 139
"../../../Engine/Content/MobileResources/HUD/MobileHUDButtonFire.uasset" 140
"../../../Engine/Content/MobileResources/HUD/MobileHUDDirectionPad.uasset" 141
"../../../Engine/Content/MobileResources/HUD/MobileHUDDirectionPad2.uasset" 142
"../../../Engine/Content/MobileResources/HUD/MobileHUDDirectionPad3.uasset" 143
"../../../Engine/Content/MobileResources/HUD/MobileHUDDirectionStick.uasset" 144
"../../../Engine/Content/MobileResources/HUD/T_Castle_ThumbstickInner.uasset" 145
"../../../Engine/Content/MobileResources/HUD/T_Castle_ThumbstickOutter.uasset" 146
"../../../Engine/Content/Tutorial/ContentIntroCurve.uasset" 147
"../../../Engine/Content/Tutorial/BlueprintTutorials/TutorialAssets/Blueprint_64x.uasset" 148
"../../../Engine/Content/VREditor/LaserPointer/VR_LaserPower_01.uasset" 149
"../../../Engine/Content/VREditor/TransformGizmo/TransformGizmoMaterial.uasset" 150
"../../../Engine/Content/VREditor/TransformGizmo/TranslucentTransformGizmoMaterial.uasset" 151
"../../../Engine/Content/VREditor/TransformGizmo/BoundingBoxCorner.uasset" 152
"../../../Engine/Content/VREditor/TransformGizmo/BoundingBoxEdge.uasset" 153
"../../../Engine/Content/VREditor/TransformGizmo/PlaneTranslationHandle.uasset" 154
"../../../Engine/Content/VREditor/TransformGizmo/Main.uasset" 155
"../../../Engine/Content/VREditor/TransformGizmo/Xray.uasset" 156
"../../../Engine/Content/VREditor/TransformGizmo/SM_Sequencer_Key.uasset" 157
"../../../Engine/Content/VREditor/TransformGizmo/SM_Sequencer_Node.uasset" 158
"../../Plugins/2D/Paper2D/Content/PlaceholderTextures/DummySpriteTexture.uasset" 159
"../../Plugins/2D/Paper2D/Content/DummySprite.uasset" 160
"../../Plugins/2D/Paper2D/Content/DefaultPaperTerrainMaterial.uasset" 161
"../../Plugins/2D/Paper2D/Content/DefaultSpriteMaterial.uasset" 162
"../../Plugins/2D/Paper2D/Content/MaskedUnlitSpriteMaterial.uasset" 163
"../../Plugins/2D/Paper2D/Content/OpaqueUnlitSpriteMaterial.uasset" 164
"../../Plugins/Runtime/Oculus/OculusVR/Content/Materials/PokeAHoleMaterial.uasset" 165
"../../Plugins/Runtime/Oculus/OculusVR/Content/Textures/GearVRController_AO.uasset" 166
"../../Plugins/Runtime/Oculus/OculusVR/Content/Textures/GearVRController_Color.uasset" 167
"../../Plugins/Runtime/Oculus/OculusVR/Content/Textures/GearVRController_Normal.uasset" 168
"../../Plugins/Runtime/Oculus/OculusVR/Content/Materials/GearVRControllerMaterial.uasset" 169
"../../Plugins/Runtime/Oculus/OculusVR/Content/Meshes/GearVrController.uasset" 170
"../../Plugins/Runtime/Oculus/OculusVR/Content/Textures/touchController_albedo.uasset" 171
"../../Plugins/Runtime/Oculus/OculusVR/Content/Textures/touchController_controlmap.uasset" 172
"../../Plugins/Runtime/Oculus/OculusVR/Content/Materials/touchController_mat.uasset" 173
"../../Plugins/Runtime/Oculus/OculusVR/Content/Meshes/LeftTouchController.uasset" 174
"../../Plugins/Runtime/Oculus/OculusVR/Content/Meshes/RiftHMD.uasset" 175
"../../Plugins/Runtime/Oculus/OculusVR/Content/Meshes/RightTouchController.uasset" 176
"../../../../../../Users/olive/OneDrive/University/3rdYear/GameProject/Implementation/The Cornocopian Complexity/Content/Graph_Node.uasset" 177
"../../../Engine/Content/EngineSky/C_Sky_Cloud_Color.uasset" 178
"../../../Engine/Content/EngineSky/C_Sky_Horizon_Color.uasset" 179
"../../../Engine/Content/EngineSky/C_Sky_Zenith_Color.uasset" 180
"../../../Engine/Content/EngineSky/T_Sky_Blue.uasset" 181
"../../../Engine/Content/EngineSky/T_Sky_Clouds_M.uasset" 182
"../../../Engine/Content/EngineSky/T_Sky_Stars.uasset" 183
"../../../Engine/Content/EngineSky/M_Sky_Panning_Clouds2.uasset" 184
"../../../Engine/Content/EngineSky/SM_SkySphere.uasset" 185
"../../../Engine/Content/EngineSky/BP_Sky_Sphere.uasset" 186
"../../../../../../Users/olive/OneDrive/University/3rdYear/GameProject/Implementation/The Cornocopian Complexity/Content/Mannequin/Animations/ThirdPerson_Jump.uasset" 187
"../../../../../../Users/olive/OneDrive/University/3rdYear/GameProject/Implementation/The Cornocopian Complexity/Content/Mannequin/Animations/ThirdPersonJump_Loop.uasset" 188
"../../../../../../Users/olive/OneDrive/University/3rdYear/GameProject/Implementation/The Cornocopian Complexity/Content/Mannequin/Animations/ThirdPersonJump_Start.uasset" 189
"../../../../../../Users/olive/OneDrive/University/3rdYear/GameProject/Implementation/The Cornocopian Complexity/Content/Mannequin/Animations/ThirdPersonIdle.uasset" 190
"../../../../../../Users/olive/OneDrive/University/3rdYear/GameProject/Implementation/The Cornocopian Complexity/Content/Mannequin/Animations/ThirdPersonRun.uasset" 191
"../../../../../../Users/olive/OneDrive/University/3rdYear/GameProject/Implementation/The Cornocopian Complexity/Content/Mannequin/Animations/ThirdPersonWalk.uasset" 192
"../../../../../../Users/olive/OneDrive/University/3rdYear/GameProject/Implementation/The Cornocopian Complexity/Content/Mannequin/Animations/ThirdPerson_IdleRun_2D.uasset" 193
"../../../../../../Users/olive/OneDrive/University/3rdYear/GameProject/Implementation/The Cornocopian Complexity/Content/Mannequin/Animations/ThirdPerson_AnimBP.uasset" 194
"../../../Engine/Content/Functions/Engine_MaterialFunctions01/Shading/ConvertFromDiffSpec.uasset" 195
"../../../Engine/Content/Engine_MI_Shaders/T_Normal.uasset" 196
"../../../Engine/Content/Engine_MI_Shaders/T_Reflection.uasset" 197
"../../../Engine/Content/Engine_MI_Shaders/T_Specular.uasset" 198
"../../../Engine/Content/Engine_MI_Shaders/M_Shader_PlanarMap.uasset" 199
"../../../Engine/Content/EngineMaterials/DefaultWhiteGrid.uasset" 200
"../../../Engine/Content/EngineDebugMaterials/MAT_LevelColorationLitLightmapUV.uasset" 201
"../../../../../../Users/olive/OneDrive/University/3rdYear/GameProject/Implementation/The Cornocopian Complexity/Content/Game/Blueprints/Caves/youlose.uasset" 202
"../../../Engine/Content/Functions/Engine_MaterialFunctions02/Utility/BlendAngleCorrectedNormals.uasset" 203
"../../../Engine/Content/Functions/MaterialLayerFunctions/MatLayerBlend_NormalBlend.uasset" 204
"../../../Engine/Content/Functions/MaterialLayerFunctions/MatLayerBlend_Simple.uasset" 205
"../../../../../../Users/olive/OneDrive/University/3rdYear/GameProject/Implementation/The Cornocopian Complexity/Content/Mannequin/Character/Materials/MaterialLayers/T_ML_Rubber_Blue_01_D.uasset" 206
"../../../../../../Users/olive/OneDrive/University/3rdYear/GameProject/Implementation/The Cornocopian Complexity/Content/Mannequin/Character/Materials/MaterialLayers/T_ML_Rubber_Blue_01_N.uasset" 207
"../../../../../../Users/olive/OneDrive/University/3rdYear/GameProject/Implementation/The Cornocopian Complexity/Content/Mannequin/Character/Materials/MaterialLayers/ML_GlossyBlack_Latex_UE4.uasset" 208
"../../../../../../Users/olive/OneDrive/University/3rdYear/GameProject/Implementation/The Cornocopian Complexity/Content/Mannequin/Character/Materials/MaterialLayers/ML_Plastic_Shiny_Beige.uasset" 209
"../../../../../../Users/olive/OneDrive/University/3rdYear/GameProject/Implementation/The Cornocopian Complexity/Content/Mannequin/Character/Textures/UE4_LOGO_CARD.uasset" 210
"../../../../../../Users/olive/OneDrive/University/3rdYear/GameProject/Implementation/The Cornocopian Complexity/Content/Mannequin/Character/Materials/MaterialLayers/ML_Plastic_Shiny_Beige_LOGO.uasset" 211
"../../../../../../Users/olive/OneDrive/University/3rdYear/GameProject/Implementation/The Cornocopian Complexity/Content/Mannequin/Character/Materials/MaterialLayers/T_ML_Aluminum01.uasset" 212
"../../../../../../Users/olive/OneDrive/University/3rdYear/GameProject/Implementation/The Cornocopian Complexity/Content/Mannequin/Character/Materials/MaterialLayers/T_ML_Aluminum01_N.uasset" 213
"../../../../../../Users/olive/OneDrive/University/3rdYear/GameProject/Implementation/The Cornocopian Complexity/Content/Mannequin/Character/Materials/MaterialLayers/ML_SoftMetal_UE4.uasset" 214
"../../../../../../Users/olive/OneDrive/University/3rdYear/GameProject/Implementation/The Cornocopian Complexity/Content/Mannequin/Character/Textures/UE4_Mannequin__normals.uasset" 215
"../../../../../../Users/olive/OneDrive/University/3rdYear/GameProject/Implementation/The Cornocopian Complexity/Content/Mannequin/Character/Textures/UE4_Mannequin_MAT_MASKA.uasset" 216
"../../../../../../Users/olive/OneDrive/University/3rdYear/GameProject/Implementation/The Cornocopian Complexity/Content/Mannequin/Character/Materials/M_UE4Man_Body.uasset" 217
"../../../../../../Users/olive/OneDrive/University/3rdYear/GameProject/Implementation/The Cornocopian Complexity/Content/Mannequin/Character/Textures/UE4Man_Logo_N.uasset" 218
"../../../../../../Users/olive/OneDrive/University/3rdYear/GameProject/Implementation/The Cornocopian Complexity/Content/Mannequin/Character/Materials/M_UE4Man_ChestLogo.uasset" 219
"../../../../../../Users/olive/OneDrive/University/3rdYear/GameProject/Implementation/The Cornocopian Complexity/Content/Mannequin/Character/Mesh/SK_Mannequin_PhysicsAsset.uasset" 220
"../../../../../../Users/olive/OneDrive/University/3rdYear/GameProject/Implementation/The Cornocopian Complexity/Content/Mannequin/Character/Mesh/SK_Mannequin.uasset" 221
"../../../../../../Users/olive/OneDrive/University/3rdYear/GameProject/Implementation/The Cornocopian Complexity/Content/Game/Blueprints/AI-Zombie.uasset" 222
"../../../../../../Users/olive/OneDrive/University/3rdYear/GameProject/Implementation/The Cornocopian Complexity/Content/Game/Blueprints/Caves/Wall.uasset" 223
"../../../../../../Users/olive/OneDrive/University/3rdYear/GameProject/Implementation/The Cornocopian Complexity/Content/Game/Blueprints/Caves/Gap.uasset" 224
"../../../../../../Users/olive/OneDrive/University/3rdYear/GameProject/Implementation/The Cornocopian Complexity/Content/Game/Blueprints/TopDownCharacter.uasset" 225
"../../../../../../Users/olive/OneDrive/University/3rdYear/GameProject/Implementation/The Cornocopian Complexity/Content/Game/Blueprints/TopDownController.uasset" 226
"../../../../../../Users/olive/OneDrive/University/3rdYear/GameProject/Implementation/The Cornocopian Complexity/Content/Game/Blueprints/TopDownGameMode.uasset" 227
"../../../../../../Users/olive/OneDrive/University/3rdYear/GameProject/Implementation/The Cornocopian Complexity/Content/Room.uasset" 228
"../../../../../../Users/olive/OneDrive/University/3rdYear/GameProject/Implementation/The Cornocopian Complexity/Content/Edge.uasset" 229
"../../../../../../Users/olive/OneDrive/University/3rdYear/GameProject/Implementation/The Cornocopian Complexity/Content/Triangle.uasset" 230
"../../../../../../Users/olive/OneDrive/University/3rdYear/GameProject/Implementation/The Cornocopian Complexity/Content/Game/RenderTypes/Caves_BuiltData.uasset" 231
"../../../../../../Users/olive/OneDrive/University/3rdYear/GameProject/Implementation/The Cornocopian Complexity/Content/Graph_Weights.uasset" 232
"../../../Engine/Content/EditorMaterials/Thumbnails/SkySphereMaterial.uasset" 233
"../../../../../../Users/olive/OneDrive/University/3rdYear/GameProject/Implementation/The Cornocopian Complexity/Content/Game/Blueprints/Caves/HUD_Caves.uasset" 234
"../../../../../../Users/olive/OneDrive/University/3rdYear/GameProject/Implementation/The Cornocopian Complexity/Content/Game/laserpic.uasset" 235
"../../../../../../Users/olive/OneDrive/University/3rdYear/GameProject/Implementation/The Cornocopian Complexity/Content/Game/M_Beam.uasset" 236
"../../../../../../Users/olive/OneDrive/University/3rdYear/GameProject/Implementation/The Cornocopian Complexity/Content/Game/Las.uasset" 237
"../../../../../../Users/olive/OneDrive/University/3rdYear/GameProject/Implementation/The Cornocopian Complexity/Content/Game/RenderTypes/Caves.umap" 238
"../../../../../../Users/olive/OneDrive/University/3rdYear/GameProject/Implementation/The Cornocopian Complexity/Content/Game/RenderTypes/Display_BuiltData.uasset" 239
"../../../Engine/Content/EngineFonts/Faces/RobotoBold.uasset" 240
"../../../Engine/Content/EngineFonts/Faces/RobotoBoldItalic.uasset" 241
"../../../Engine/Content/EngineFonts/Faces/RobotoItalic.uasset" 242
"../../../Engine/Content/EngineFonts/Faces/RobotoLight.uasset" 243
"../../../Engine/Content/EngineFonts/Faces/RobotoRegular.uasset" 244
"../../../Engine/Content/EngineFonts/Roboto.uasset" 245
"../../../../../../Users/olive/OneDrive/University/3rdYear/GameProject/Implementation/The Cornocopian Complexity/Content/Game/Blueprints/Display/HUD_display.uasset" 246
"../../../../../../Users/olive/OneDrive/University/3rdYear/GameProject/Implementation/The Cornocopian Complexity/Content/Game/RenderTypes/Display.umap" 247
"../../../../../../Users/olive/OneDrive/University/3rdYear/GameProject/Implementation/The Cornocopian Complexity/Content/Game/Blueprints/Display/LargeRoom_Filter.uasset" 248
"../../../../../../Users/olive/OneDrive/University/3rdYear/GameProject/Implementation/The Cornocopian Complexity/Content/Game/RenderTypes/Staged_BuiltData.uasset" 249
"../../../../../../Users/olive/OneDrive/University/3rdYear/GameProject/Implementation/The Cornocopian Complexity/Content/Game/RenderTypes/Staged.umap" 250
"../../../Engine/Content/Maps/Entry_BuiltData.uasset" 251
"../../../Engine/Content/Maps/Entry.umap" 252
